<?xml version="1.0" encoding="UTF-8"?>
<!-- Generated by org.testng.reporters.JUnitReportReporter -->
<testsuite skipped="0" hostname="PRINHYLTPDL1125" name="com.cleartrip.retruntrip.tests.BookReturnTripFlightTest" tests="1" failures="0" timestamp="30 Oct 2017 13:36:57 GMT" time="28.931" errors="0">
  <testcase name="test_verifyDetailsOfBookedFlight" time="28.931" classname="com.cleartrip.retruntrip.tests.BookReturnTripFlightTest"/>
</testsuite> <!-- com.cleartrip.retruntrip.tests.BookReturnTripFlightTest -->
